<?xml version="1.0" encoding="UTF-8"?>
<testsuite xmlns:xsi="http://www.w3.org/2001/XMLSchema-instance" xsi:noNamespaceSchemaLocation="https://maven.apache.org/surefire/maven-surefire-plugin/xsd/surefire-test-report-3.0.xsd" version="3.0" name="com.JK.databasePostgreSQL.dao.impl.BookDaoImplIntegrationTests" time="0.372" tests="4" errors="0" skipped="0" failures="0">
  <properties>
    <property name="java.specification.version" value="20"/>
    <property name="sun.jnu.encoding" value="UTF-8"/>
    <property name="java.class.path" value="/Users/jkhamroev/Programming_Languages/for_Java/SpringBoot/databasePostgreSQL/target/test-classes:/Users/jkhamroev/Programming_Languages/for_Java/SpringBoot/databasePostgreSQL/target/classes:/Users/jkhamroev/.m2/repository/org/springframework/boot/spring-boot-starter-jdbc/3.2.3/spring-boot-starter-jdbc-3.2.3.jar:/Users/jkhamroev/.m2/repository/org/springframework/boot/spring-boot-starter/3.2.3/spring-boot-starter-3.2.3.jar:/Users/jkhamroev/.m2/repository/org/springframework/boot/spring-boot/3.2.3/spring-boot-3.2.3.jar:/Users/jkhamroev/.m2/repository/org/springframework/spring-context/6.1.4/spring-context-6.1.4.jar:/Users/jkhamroev/.m2/repository/org/springframework/spring-aop/6.1.4/spring-aop-6.1.4.jar:/Users/jkhamroev/.m2/repository/org/springframework/spring-expression/6.1.4/spring-expression-6.1.4.jar:/Users/jkhamroev/.m2/repository/io/micrometer/micrometer-observation/1.12.3/micrometer-observation-1.12.3.jar:/Users/jkhamroev/.m2/repository/io/micrometer/micrometer-commons/1.12.3/micrometer-commons-1.12.3.jar:/Users/jkhamroev/.m2/repository/org/springframework/boot/spring-boot-autoconfigure/3.2.3/spring-boot-autoconfigure-3.2.3.jar:/Users/jkhamroev/.m2/repository/org/springframework/boot/spring-boot-starter-logging/3.2.3/spring-boot-starter-logging-3.2.3.jar:/Users/jkhamroev/.m2/repository/ch/qos/logback/logback-classic/1.4.14/logback-classic-1.4.14.jar:/Users/jkhamroev/.m2/repository/ch/qos/logback/logback-core/1.4.14/logback-core-1.4.14.jar:/Users/jkhamroev/.m2/repository/org/apache/logging/log4j/log4j-to-slf4j/2.21.1/log4j-to-slf4j-2.21.1.jar:/Users/jkhamroev/.m2/repository/org/apache/logging/log4j/log4j-api/2.21.1/log4j-api-2.21.1.jar:/Users/jkhamroev/.m2/repository/org/slf4j/jul-to-slf4j/2.0.12/jul-to-slf4j-2.0.12.jar:/Users/jkhamroev/.m2/repository/jakarta/annotation/jakarta.annotation-api/2.1.1/jakarta.annotation-api-2.1.1.jar:/Users/jkhamroev/.m2/repository/org/yaml/snakeyaml/2.2/snakeyaml-2.2.jar:/Users/jkhamroev/.m2/repository/com/zaxxer/HikariCP/5.0.1/HikariCP-5.0.1.jar:/Users/jkhamroev/.m2/repository/org/slf4j/slf4j-api/2.0.12/slf4j-api-2.0.12.jar:/Users/jkhamroev/.m2/repository/org/springframework/spring-jdbc/6.1.4/spring-jdbc-6.1.4.jar:/Users/jkhamroev/.m2/repository/org/springframework/spring-beans/6.1.4/spring-beans-6.1.4.jar:/Users/jkhamroev/.m2/repository/org/springframework/spring-tx/6.1.4/spring-tx-6.1.4.jar:/Users/jkhamroev/.m2/repository/org/postgresql/postgresql/42.6.1/postgresql-42.6.1.jar:/Users/jkhamroev/.m2/repository/org/checkerframework/checker-qual/3.31.0/checker-qual-3.31.0.jar:/Users/jkhamroev/.m2/repository/org/projectlombok/lombok/1.18.30/lombok-1.18.30.jar:/Users/jkhamroev/.m2/repository/org/springframework/boot/spring-boot-starter-test/3.2.3/spring-boot-starter-test-3.2.3.jar:/Users/jkhamroev/.m2/repository/org/springframework/boot/spring-boot-test/3.2.3/spring-boot-test-3.2.3.jar:/Users/jkhamroev/.m2/repository/org/springframework/boot/spring-boot-test-autoconfigure/3.2.3/spring-boot-test-autoconfigure-3.2.3.jar:/Users/jkhamroev/.m2/repository/com/jayway/jsonpath/json-path/2.9.0/json-path-2.9.0.jar:/Users/jkhamroev/.m2/repository/jakarta/xml/bind/jakarta.xml.bind-api/4.0.1/jakarta.xml.bind-api-4.0.1.jar:/Users/jkhamroev/.m2/repository/jakarta/activation/jakarta.activation-api/2.1.2/jakarta.activation-api-2.1.2.jar:/Users/jkhamroev/.m2/repository/net/minidev/json-smart/2.5.0/json-smart-2.5.0.jar:/Users/jkhamroev/.m2/repository/net/minidev/accessors-smart/2.5.0/accessors-smart-2.5.0.jar:/Users/jkhamroev/.m2/repository/org/ow2/asm/asm/9.3/asm-9.3.jar:/Users/jkhamroev/.m2/repository/org/assertj/assertj-core/3.24.2/assertj-core-3.24.2.jar:/Users/jkhamroev/.m2/repository/net/bytebuddy/byte-buddy/1.14.12/byte-buddy-1.14.12.jar:/Users/jkhamroev/.m2/repository/org/awaitility/awaitility/4.2.0/awaitility-4.2.0.jar:/Users/jkhamroev/.m2/repository/org/hamcrest/hamcrest/2.2/hamcrest-2.2.jar:/Users/jkhamroev/.m2/repository/org/junit/jupiter/junit-jupiter/5.10.2/junit-jupiter-5.10.2.jar:/Users/jkhamroev/.m2/repository/org/junit/jupiter/junit-jupiter-api/5.10.2/junit-jupiter-api-5.10.2.jar:/Users/jkhamroev/.m2/repository/org/opentest4j/opentest4j/1.3.0/opentest4j-1.3.0.jar:/Users/jkhamroev/.m2/repository/org/junit/platform/junit-platform-commons/1.10.2/junit-platform-commons-1.10.2.jar:/Users/jkhamroev/.m2/repository/org/apiguardian/apiguardian-api/1.1.2/apiguardian-api-1.1.2.jar:/Users/jkhamroev/.m2/repository/org/junit/jupiter/junit-jupiter-params/5.10.2/junit-jupiter-params-5.10.2.jar:/Users/jkhamroev/.m2/repository/org/junit/jupiter/junit-jupiter-engine/5.10.2/junit-jupiter-engine-5.10.2.jar:/Users/jkhamroev/.m2/repository/org/junit/platform/junit-platform-engine/1.10.2/junit-platform-engine-1.10.2.jar:/Users/jkhamroev/.m2/repository/org/mockito/mockito-core/5.7.0/mockito-core-5.7.0.jar:/Users/jkhamroev/.m2/repository/net/bytebuddy/byte-buddy-agent/1.14.12/byte-buddy-agent-1.14.12.jar:/Users/jkhamroev/.m2/repository/org/objenesis/objenesis/3.3/objenesis-3.3.jar:/Users/jkhamroev/.m2/repository/org/mockito/mockito-junit-jupiter/5.7.0/mockito-junit-jupiter-5.7.0.jar:/Users/jkhamroev/.m2/repository/org/skyscreamer/jsonassert/1.5.1/jsonassert-1.5.1.jar:/Users/jkhamroev/.m2/repository/com/vaadin/external/google/android-json/0.0.20131108.vaadin1/android-json-0.0.20131108.vaadin1.jar:/Users/jkhamroev/.m2/repository/org/springframework/spring-core/6.1.4/spring-core-6.1.4.jar:/Users/jkhamroev/.m2/repository/org/springframework/spring-jcl/6.1.4/spring-jcl-6.1.4.jar:/Users/jkhamroev/.m2/repository/org/springframework/spring-test/6.1.4/spring-test-6.1.4.jar:/Users/jkhamroev/.m2/repository/org/xmlunit/xmlunit-core/2.9.1/xmlunit-core-2.9.1.jar:/Users/jkhamroev/.m2/repository/com/h2database/h2/2.2.224/h2-2.2.224.jar:"/>
    <property name="java.vm.vendor" value="Oracle Corporation"/>
    <property name="sun.arch.data.model" value="64"/>
    <property name="java.vendor.url" value="https://java.oracle.com/"/>
    <property name="user.timezone" value="Europe/Warsaw"/>
    <property name="os.name" value="Mac OS X"/>
    <property name="java.vm.specification.version" value="20"/>
    <property name="sun.java.launcher" value="SUN_STANDARD"/>
    <property name="user.country" value="PL"/>
    <property name="sun.boot.library.path" value="/Library/Java/JavaVirtualMachines/jdk-20.jdk/Contents/Home/lib"/>
    <property name="sun.java.command" value="/Users/jkhamroev/Programming_Languages/for_Java/SpringBoot/databasePostgreSQL/target/surefire/surefirebooter-20240406012918979_3.jar /Users/jkhamroev/Programming_Languages/for_Java/SpringBoot/databasePostgreSQL/target/surefire 2024-04-06T01-29-18_894-jvmRun1 surefire-20240406012918979_1tmp surefire_0-20240406012918979_2tmp"/>
    <property name="http.nonProxyHosts" value="local|*.local|169.254/16|*.169.254/16"/>
    <property name="jdk.debug" value="release"/>
    <property name="surefire.test.class.path" value="/Users/jkhamroev/Programming_Languages/for_Java/SpringBoot/databasePostgreSQL/target/test-classes:/Users/jkhamroev/Programming_Languages/for_Java/SpringBoot/databasePostgreSQL/target/classes:/Users/jkhamroev/.m2/repository/org/springframework/boot/spring-boot-starter-jdbc/3.2.3/spring-boot-starter-jdbc-3.2.3.jar:/Users/jkhamroev/.m2/repository/org/springframework/boot/spring-boot-starter/3.2.3/spring-boot-starter-3.2.3.jar:/Users/jkhamroev/.m2/repository/org/springframework/boot/spring-boot/3.2.3/spring-boot-3.2.3.jar:/Users/jkhamroev/.m2/repository/org/springframework/spring-context/6.1.4/spring-context-6.1.4.jar:/Users/jkhamroev/.m2/repository/org/springframework/spring-aop/6.1.4/spring-aop-6.1.4.jar:/Users/jkhamroev/.m2/repository/org/springframework/spring-expression/6.1.4/spring-expression-6.1.4.jar:/Users/jkhamroev/.m2/repository/io/micrometer/micrometer-observation/1.12.3/micrometer-observation-1.12.3.jar:/Users/jkhamroev/.m2/repository/io/micrometer/micrometer-commons/1.12.3/micrometer-commons-1.12.3.jar:/Users/jkhamroev/.m2/repository/org/springframework/boot/spring-boot-autoconfigure/3.2.3/spring-boot-autoconfigure-3.2.3.jar:/Users/jkhamroev/.m2/repository/org/springframework/boot/spring-boot-starter-logging/3.2.3/spring-boot-starter-logging-3.2.3.jar:/Users/jkhamroev/.m2/repository/ch/qos/logback/logback-classic/1.4.14/logback-classic-1.4.14.jar:/Users/jkhamroev/.m2/repository/ch/qos/logback/logback-core/1.4.14/logback-core-1.4.14.jar:/Users/jkhamroev/.m2/repository/org/apache/logging/log4j/log4j-to-slf4j/2.21.1/log4j-to-slf4j-2.21.1.jar:/Users/jkhamroev/.m2/repository/org/apache/logging/log4j/log4j-api/2.21.1/log4j-api-2.21.1.jar:/Users/jkhamroev/.m2/repository/org/slf4j/jul-to-slf4j/2.0.12/jul-to-slf4j-2.0.12.jar:/Users/jkhamroev/.m2/repository/jakarta/annotation/jakarta.annotation-api/2.1.1/jakarta.annotation-api-2.1.1.jar:/Users/jkhamroev/.m2/repository/org/yaml/snakeyaml/2.2/snakeyaml-2.2.jar:/Users/jkhamroev/.m2/repository/com/zaxxer/HikariCP/5.0.1/HikariCP-5.0.1.jar:/Users/jkhamroev/.m2/repository/org/slf4j/slf4j-api/2.0.12/slf4j-api-2.0.12.jar:/Users/jkhamroev/.m2/repository/org/springframework/spring-jdbc/6.1.4/spring-jdbc-6.1.4.jar:/Users/jkhamroev/.m2/repository/org/springframework/spring-beans/6.1.4/spring-beans-6.1.4.jar:/Users/jkhamroev/.m2/repository/org/springframework/spring-tx/6.1.4/spring-tx-6.1.4.jar:/Users/jkhamroev/.m2/repository/org/postgresql/postgresql/42.6.1/postgresql-42.6.1.jar:/Users/jkhamroev/.m2/repository/org/checkerframework/checker-qual/3.31.0/checker-qual-3.31.0.jar:/Users/jkhamroev/.m2/repository/org/projectlombok/lombok/1.18.30/lombok-1.18.30.jar:/Users/jkhamroev/.m2/repository/org/springframework/boot/spring-boot-starter-test/3.2.3/spring-boot-starter-test-3.2.3.jar:/Users/jkhamroev/.m2/repository/org/springframework/boot/spring-boot-test/3.2.3/spring-boot-test-3.2.3.jar:/Users/jkhamroev/.m2/repository/org/springframework/boot/spring-boot-test-autoconfigure/3.2.3/spring-boot-test-autoconfigure-3.2.3.jar:/Users/jkhamroev/.m2/repository/com/jayway/jsonpath/json-path/2.9.0/json-path-2.9.0.jar:/Users/jkhamroev/.m2/repository/jakarta/xml/bind/jakarta.xml.bind-api/4.0.1/jakarta.xml.bind-api-4.0.1.jar:/Users/jkhamroev/.m2/repository/jakarta/activation/jakarta.activation-api/2.1.2/jakarta.activation-api-2.1.2.jar:/Users/jkhamroev/.m2/repository/net/minidev/json-smart/2.5.0/json-smart-2.5.0.jar:/Users/jkhamroev/.m2/repository/net/minidev/accessors-smart/2.5.0/accessors-smart-2.5.0.jar:/Users/jkhamroev/.m2/repository/org/ow2/asm/asm/9.3/asm-9.3.jar:/Users/jkhamroev/.m2/repository/org/assertj/assertj-core/3.24.2/assertj-core-3.24.2.jar:/Users/jkhamroev/.m2/repository/net/bytebuddy/byte-buddy/1.14.12/byte-buddy-1.14.12.jar:/Users/jkhamroev/.m2/repository/org/awaitility/awaitility/4.2.0/awaitility-4.2.0.jar:/Users/jkhamroev/.m2/repository/org/hamcrest/hamcrest/2.2/hamcrest-2.2.jar:/Users/jkhamroev/.m2/repository/org/junit/jupiter/junit-jupiter/5.10.2/junit-jupiter-5.10.2.jar:/Users/jkhamroev/.m2/repository/org/junit/jupiter/junit-jupiter-api/5.10.2/junit-jupiter-api-5.10.2.jar:/Users/jkhamroev/.m2/repository/org/opentest4j/opentest4j/1.3.0/opentest4j-1.3.0.jar:/Users/jkhamroev/.m2/repository/org/junit/platform/junit-platform-commons/1.10.2/junit-platform-commons-1.10.2.jar:/Users/jkhamroev/.m2/repository/org/apiguardian/apiguardian-api/1.1.2/apiguardian-api-1.1.2.jar:/Users/jkhamroev/.m2/repository/org/junit/jupiter/junit-jupiter-params/5.10.2/junit-jupiter-params-5.10.2.jar:/Users/jkhamroev/.m2/repository/org/junit/jupiter/junit-jupiter-engine/5.10.2/junit-jupiter-engine-5.10.2.jar:/Users/jkhamroev/.m2/repository/org/junit/platform/junit-platform-engine/1.10.2/junit-platform-engine-1.10.2.jar:/Users/jkhamroev/.m2/repository/org/mockito/mockito-core/5.7.0/mockito-core-5.7.0.jar:/Users/jkhamroev/.m2/repository/net/bytebuddy/byte-buddy-agent/1.14.12/byte-buddy-agent-1.14.12.jar:/Users/jkhamroev/.m2/repository/org/objenesis/objenesis/3.3/objenesis-3.3.jar:/Users/jkhamroev/.m2/repository/org/mockito/mockito-junit-jupiter/5.7.0/mockito-junit-jupiter-5.7.0.jar:/Users/jkhamroev/.m2/repository/org/skyscreamer/jsonassert/1.5.1/jsonassert-1.5.1.jar:/Users/jkhamroev/.m2/repository/com/vaadin/external/google/android-json/0.0.20131108.vaadin1/android-json-0.0.20131108.vaadin1.jar:/Users/jkhamroev/.m2/repository/org/springframework/spring-core/6.1.4/spring-core-6.1.4.jar:/Users/jkhamroev/.m2/repository/org/springframework/spring-jcl/6.1.4/spring-jcl-6.1.4.jar:/Users/jkhamroev/.m2/repository/org/springframework/spring-test/6.1.4/spring-test-6.1.4.jar:/Users/jkhamroev/.m2/repository/org/xmlunit/xmlunit-core/2.9.1/xmlunit-core-2.9.1.jar:/Users/jkhamroev/.m2/repository/com/h2database/h2/2.2.224/h2-2.2.224.jar:"/>
    <property name="sun.cpu.endian" value="little"/>
    <property name="user.home" value="/Users/jkhamroev"/>
    <property name="user.language" value="en"/>
    <property name="java.specification.vendor" value="Oracle Corporation"/>
    <property name="java.version.date" value="2023-07-18"/>
    <property name="java.home" value="/Library/Java/JavaVirtualMachines/jdk-20.jdk/Contents/Home"/>
    <property name="file.separator" value="/"/>
    <property name="basedir" value="/Users/jkhamroev/Programming_Languages/for_Java/SpringBoot/databasePostgreSQL"/>
    <property name="java.vm.compressedOopsMode" value="Zero based"/>
    <property name="line.separator" value="&#10;"/>
    <property name="java.vm.specification.vendor" value="Oracle Corporation"/>
    <property name="java.specification.name" value="Java Platform API Specification"/>
    <property name="FILE_LOG_CHARSET" value="UTF-8"/>
    <property name="java.awt.headless" value="true"/>
    <property name="apple.awt.application.name" value="ForkedBooter"/>
    <property name="surefire.real.class.path" value="/Users/jkhamroev/Programming_Languages/for_Java/SpringBoot/databasePostgreSQL/target/surefire/surefirebooter-20240406012918979_3.jar"/>
    <property name="sun.management.compiler" value="HotSpot 64-Bit Tiered Compilers"/>
    <property name="ftp.nonProxyHosts" value="local|*.local|169.254/16|*.169.254/16"/>
    <property name="java.runtime.version" value="20.0.2+9-78"/>
    <property name="user.name" value="jkhamroev"/>
    <property name="stdout.encoding" value="UTF-8"/>
    <property name="path.separator" value=":"/>
    <property name="os.version" value="14.4.1"/>
    <property name="java.runtime.name" value="Java(TM) SE Runtime Environment"/>
    <property name="file.encoding" value="UTF-8"/>
    <property name="java.vm.name" value="Java HotSpot(TM) 64-Bit Server VM"/>
    <property name="localRepository" value="/Users/jkhamroev/.m2/repository"/>
    <property name="java.vendor.url.bug" value="https://bugreport.java.com/bugreport/"/>
    <property name="java.io.tmpdir" value="/var/folders/zh/twg7l79d49990x21b776zq840000gp/T/"/>
    <property name="com.zaxxer.hikari.pool_number" value="8"/>
    <property name="java.version" value="20.0.2"/>
    <property name="user.dir" value="/Users/jkhamroev/Programming_Languages/for_Java/SpringBoot/databasePostgreSQL"/>
    <property name="os.arch" value="aarch64"/>
    <property name="java.vm.specification.name" value="Java Virtual Machine Specification"/>
    <property name="PID" value="6648"/>
    <property name="CONSOLE_LOG_CHARSET" value="UTF-8"/>
    <property name="native.encoding" value="UTF-8"/>
    <property name="java.library.path" value="/Users/jkhamroev/Library/Java/Extensions:/Library/Java/Extensions:/Network/Library/Java/Extensions:/System/Library/Java/Extensions:/usr/lib/java:."/>
    <property name="java.vm.info" value="mixed mode, sharing"/>
    <property name="stderr.encoding" value="UTF-8"/>
    <property name="java.vendor" value="Oracle Corporation"/>
    <property name="java.vm.version" value="20.0.2+9-78"/>
    <property name="sun.io.unicode.encoding" value="UnicodeBig"/>
    <property name="socksNonProxyHosts" value="local|*.local|169.254/16|*.169.254/16"/>
    <property name="java.class.version" value="64.0"/>
  </properties>
  <testcase name="testThatBookCanBeCreatedAndRecalled" classname="com.JK.databasePostgreSQL.dao.impl.BookDaoImplIntegrationTests" time="0.004">
    <system-out><![CDATA[2024-04-06T01:29:21.738+02:00  INFO 6648 --- [           main] t.c.s.AnnotationConfigContextLoaderUtils : Could not detect default configuration classes for test class [com.JK.databasePostgreSQL.dao.impl.BookDaoImplIntegrationTests]: BookDaoImplIntegrationTests does not declare any static, non-private, non-final, nested classes annotated with @Configuration.
2024-04-06T01:29:21.740+02:00  INFO 6648 --- [           main] .b.t.c.SpringBootTestContextBootstrapper : Found @SpringBootConfiguration com.JK.databasePostgreSQL.DatabasePostgreSqlApplication for test class com.JK.databasePostgreSQL.dao.impl.BookDaoImplIntegrationTests

  .   ____          _            __ _ _
 /\\ / ___'_ __ _ _(_)_ __  __ _ \ \ \ \
( ( )\___ | '_ | '_| | '_ \/ _` | \ \ \ \
 \\/  ___)| |_)| | | | | || (_| |  ) ) ) )
  '  |____| .__|_| |_|_| |_\__, | / / / /
 =========|_|==============|___/=/_/_/_/
 :: Spring Boot ::                (v3.2.3)

2024-04-06T01:29:21.756+02:00  INFO 6648 --- [           main] c.J.d.d.i.BookDaoImplIntegrationTests    : Starting BookDaoImplIntegrationTests using Java 20.0.2 with PID 6648 (started by jkhamroev in /Users/jkhamroev/Programming_Languages/for_Java/SpringBoot/databasePostgreSQL)
2024-04-06T01:29:21.756+02:00  INFO 6648 --- [           main] c.J.d.d.i.BookDaoImplIntegrationTests    : No active profile set, falling back to 1 default profile: "default"
2024-04-06T01:29:21.813+02:00  INFO 6648 --- [           main] com.zaxxer.hikari.HikariDataSource       : HikariPool-5 - Starting...
2024-04-06T01:29:21.815+02:00  INFO 6648 --- [           main] com.zaxxer.hikari.pool.HikariPool        : HikariPool-5 - Added connection conn10: url=jdbc:h2:mem:testdb user=SA
2024-04-06T01:29:21.815+02:00  INFO 6648 --- [           main] com.zaxxer.hikari.HikariDataSource       : HikariPool-5 - Start completed.
2024-04-06T01:29:21.836+02:00  INFO 6648 --- [           main] c.J.d.d.i.BookDaoImplIntegrationTests    : Started BookDaoImplIntegrationTests in 0.094 seconds (process running for 2.789)
2024-04-06T01:29:21.840+02:00  INFO 6648 --- [           main] com.zaxxer.hikari.HikariDataSource       : HikariPool-5 - Shutdown initiated...
2024-04-06T01:29:21.841+02:00  INFO 6648 --- [           main] com.zaxxer.hikari.HikariDataSource       : HikariPool-5 - Shutdown completed.
]]></system-out>
  </testcase>
  <testcase name="testThatBooksCanBeDeleted" classname="com.JK.databasePostgreSQL.dao.impl.BookDaoImplIntegrationTests" time="0.004">
    <system-out><![CDATA[
  .   ____          _            __ _ _
 /\\ / ___'_ __ _ _(_)_ __  __ _ \ \ \ \
( ( )\___ | '_ | '_| | '_ \/ _` | \ \ \ \
 \\/  ___)| |_)| | | | | || (_| |  ) ) ) )
  '  |____| .__|_| |_|_| |_\__, | / / / /
 =========|_|==============|___/=/_/_/_/
 :: Spring Boot ::                (v3.2.3)

2024-04-06T01:29:21.853+02:00  INFO 6648 --- [           main] c.J.d.d.i.BookDaoImplIntegrationTests    : Starting BookDaoImplIntegrationTests using Java 20.0.2 with PID 6648 (started by jkhamroev in /Users/jkhamroev/Programming_Languages/for_Java/SpringBoot/databasePostgreSQL)
2024-04-06T01:29:21.853+02:00  INFO 6648 --- [           main] c.J.d.d.i.BookDaoImplIntegrationTests    : No active profile set, falling back to 1 default profile: "default"
2024-04-06T01:29:21.906+02:00  INFO 6648 --- [           main] com.zaxxer.hikari.HikariDataSource       : HikariPool-6 - Starting...
2024-04-06T01:29:21.908+02:00  INFO 6648 --- [           main] com.zaxxer.hikari.pool.HikariPool        : HikariPool-6 - Added connection conn11: url=jdbc:h2:mem:testdb user=SA
2024-04-06T01:29:21.908+02:00  INFO 6648 --- [           main] com.zaxxer.hikari.HikariDataSource       : HikariPool-6 - Start completed.
2024-04-06T01:29:21.928+02:00  INFO 6648 --- [           main] c.J.d.d.i.BookDaoImplIntegrationTests    : Started BookDaoImplIntegrationTests in 0.086 seconds (process running for 2.881)
2024-04-06T01:29:21.933+02:00  INFO 6648 --- [           main] com.zaxxer.hikari.HikariDataSource       : HikariPool-6 - Shutdown initiated...
2024-04-06T01:29:21.934+02:00  INFO 6648 --- [           main] com.zaxxer.hikari.HikariDataSource       : HikariPool-6 - Shutdown completed.
]]></system-out>
  </testcase>
  <testcase name="testThatMultipleBooksCanBeCreatedAndRecalled" classname="com.JK.databasePostgreSQL.dao.impl.BookDaoImplIntegrationTests" time="0.004">
    <system-out><![CDATA[
  .   ____          _            __ _ _
 /\\ / ___'_ __ _ _(_)_ __  __ _ \ \ \ \
( ( )\___ | '_ | '_| | '_ \/ _` | \ \ \ \
 \\/  ___)| |_)| | | | | || (_| |  ) ) ) )
  '  |____| .__|_| |_|_| |_\__, | / / / /
 =========|_|==============|___/=/_/_/_/
 :: Spring Boot ::                (v3.2.3)

2024-04-06T01:29:21.944+02:00  INFO 6648 --- [           main] c.J.d.d.i.BookDaoImplIntegrationTests    : Starting BookDaoImplIntegrationTests using Java 20.0.2 with PID 6648 (started by jkhamroev in /Users/jkhamroev/Programming_Languages/for_Java/SpringBoot/databasePostgreSQL)
2024-04-06T01:29:21.945+02:00  INFO 6648 --- [           main] c.J.d.d.i.BookDaoImplIntegrationTests    : No active profile set, falling back to 1 default profile: "default"
2024-04-06T01:29:21.998+02:00  INFO 6648 --- [           main] com.zaxxer.hikari.HikariDataSource       : HikariPool-7 - Starting...
2024-04-06T01:29:21.999+02:00  INFO 6648 --- [           main] com.zaxxer.hikari.pool.HikariPool        : HikariPool-7 - Added connection conn12: url=jdbc:h2:mem:testdb user=SA
2024-04-06T01:29:21.999+02:00  INFO 6648 --- [           main] com.zaxxer.hikari.HikariDataSource       : HikariPool-7 - Start completed.
2024-04-06T01:29:22.018+02:00  INFO 6648 --- [           main] c.J.d.d.i.BookDaoImplIntegrationTests    : Started BookDaoImplIntegrationTests in 0.083 seconds (process running for 2.971)
2024-04-06T01:29:22.022+02:00  INFO 6648 --- [           main] com.zaxxer.hikari.HikariDataSource       : HikariPool-7 - Shutdown initiated...
2024-04-06T01:29:22.023+02:00  INFO 6648 --- [           main] com.zaxxer.hikari.HikariDataSource       : HikariPool-7 - Shutdown completed.
]]></system-out>
  </testcase>
  <testcase name="testThatMultipleBooksCanBeUpdated" classname="com.JK.databasePostgreSQL.dao.impl.BookDaoImplIntegrationTests" time="0.005">
    <system-out><![CDATA[
  .   ____          _            __ _ _
 /\\ / ___'_ __ _ _(_)_ __  __ _ \ \ \ \
( ( )\___ | '_ | '_| | '_ \/ _` | \ \ \ \
 \\/  ___)| |_)| | | | | || (_| |  ) ) ) )
  '  |____| .__|_| |_|_| |_\__, | / / / /
 =========|_|==============|___/=/_/_/_/
 :: Spring Boot ::                (v3.2.3)

2024-04-06T01:29:22.034+02:00  INFO 6648 --- [           main] c.J.d.d.i.BookDaoImplIntegrationTests    : Starting BookDaoImplIntegrationTests using Java 20.0.2 with PID 6648 (started by jkhamroev in /Users/jkhamroev/Programming_Languages/for_Java/SpringBoot/databasePostgreSQL)
2024-04-06T01:29:22.034+02:00  INFO 6648 --- [           main] c.J.d.d.i.BookDaoImplIntegrationTests    : No active profile set, falling back to 1 default profile: "default"
2024-04-06T01:29:22.084+02:00  INFO 6648 --- [           main] com.zaxxer.hikari.HikariDataSource       : HikariPool-8 - Starting...
2024-04-06T01:29:22.085+02:00  INFO 6648 --- [           main] com.zaxxer.hikari.pool.HikariPool        : HikariPool-8 - Added connection conn13: url=jdbc:h2:mem:testdb user=SA
2024-04-06T01:29:22.086+02:00  INFO 6648 --- [           main] com.zaxxer.hikari.HikariDataSource       : HikariPool-8 - Start completed.
2024-04-06T01:29:22.103+02:00  INFO 6648 --- [           main] c.J.d.d.i.BookDaoImplIntegrationTests    : Started BookDaoImplIntegrationTests in 0.079 seconds (process running for 3.056)
2024-04-06T01:29:22.108+02:00  INFO 6648 --- [           main] com.zaxxer.hikari.HikariDataSource       : HikariPool-8 - Shutdown initiated...
2024-04-06T01:29:22.108+02:00  INFO 6648 --- [           main] com.zaxxer.hikari.HikariDataSource       : HikariPool-8 - Shutdown completed.
]]></system-out>
  </testcase>
</testsuite>